<?xml version="1.0" encoding="UTF-8"?>
<!-- Generated by org.testng.reporters.JUnitXMLReporter -->
<testsuite ignored="0" hostname="DESKTOP-5NT1E4C" failures="0" tests="3" name="Default test" time="62.19" errors="0" timestamp="2020-10-18T16:35:40 IST">
  <testcase classname="com.training.sanity.tests.Logintestmedium" name="Testcase1" time="0.617"/>
  <testcase classname="com.training.sanity.tests.Logintestmedium" name="Testcase2" time="29.832"/>
  <testcase classname="com.training.sanity.tests.Logintestmedium" name="Testcase3" time="20.354"/>
</testsuite> <!-- Default test -->
