<?xml version="1.0" encoding="UTF-8"?>
<testng-results ignored="0" total="3" passed="3" failed="0" skipped="0">
  <reporter-output>
  </reporter-output>
  <suite started-at="2020-10-18T16:34:38 IST" name="Default suite" finished-at="2020-10-18T16:35:40 IST" duration-ms="62190">
    <groups>
    </groups>
    <test started-at="2020-10-18T16:34:38 IST" name="Default test" finished-at="2020-10-18T16:35:40 IST" duration-ms="62190">
      <class name="com.training.sanity.tests.Logintestmedium">
        <test-method is-config="true" signature="setUpBeforeClass()[pri:0, instance:com.training.sanity.tests.Logintestmedium@2f177a4b]" started-at="2020-10-18T16:34:38 IST" name="setUpBeforeClass" finished-at="2020-10-18T16:34:48 IST" duration-ms="10343" status="PASS">
          <reporter-output>
          </reporter-output>
        </test-method> <!-- setUpBeforeClass -->
        <test-method signature="Testcase1()[pri:1, instance:com.training.sanity.tests.Logintestmedium@2f177a4b]" started-at="2020-10-18T16:34:48 IST" name="Testcase1" finished-at="2020-10-18T16:34:49 IST" duration-ms="617" status="PASS">
          <reporter-output>
          </reporter-output>
        </test-method> <!-- Testcase1 -->
        <test-method signature="Testcase2()[pri:2, instance:com.training.sanity.tests.Logintestmedium@2f177a4b]" started-at="2020-10-18T16:34:49 IST" name="Testcase2" finished-at="2020-10-18T16:35:18 IST" duration-ms="29832" status="PASS">
          <reporter-output>
          </reporter-output>
        </test-method> <!-- Testcase2 -->
        <test-method signature="Testcase3()[pri:3, instance:com.training.sanity.tests.Logintestmedium@2f177a4b]" started-at="2020-10-18T16:35:18 IST" name="Testcase3" finished-at="2020-10-18T16:35:39 IST" duration-ms="20354" status="PASS">
          <reporter-output>
          </reporter-output>
        </test-method> <!-- Testcase3 -->
        <test-method is-config="true" signature="tearDown()[pri:0, instance:com.training.sanity.tests.Logintestmedium@2f177a4b]" started-at="2020-10-18T16:35:39 IST" name="tearDown" finished-at="2020-10-18T16:35:40 IST" duration-ms="1001" status="PASS">
          <reporter-output>
          </reporter-output>
        </test-method> <!-- tearDown -->
      </class> <!-- com.training.sanity.tests.Logintestmedium -->
    </test> <!-- Default test -->
  </suite> <!-- Default suite -->
</testng-results>
